[15:47:35] [INIT] KubeJS 1902.6.2-build.3; MC 1902 forge
[15:47:35] [INIT] Loaded plugins:
[15:47:35] [INIT] - dev.latvian.mods.kubejs.forge.BuiltinKubeJSForgePlugin
[15:47:35] [INIT] - dev.ftb.mods.ftbxmodcompat.ftbquests.kubejs.KubeJSIntegration
[15:47:35] [INIT] - dev.ftb.mods.ftbxmodcompat.ftbchunks.kubejs.FTBChunksKubeJSPlugin
[15:47:35] [INIT] - dev.ftb.mods.ftbic.kubejs.FTBICKubeJSPlugin
[15:47:35] [INIT] - com.almostreliable.ponderjs.PonderJSPlugin
[15:47:35] [INIT] - com.klikli_dev.modonomicon.integration.kubejs.ModonomiconKubeJSPlugin
[15:47:36] [INFO] Loaded script startup_scripts:botanyPots.js in 0.185 s
[15:47:36] [INFO] Loaded script startup_scripts:custom_additions.js in 0.047 s
[15:47:36] [INFO] startup_scripts:farmingForBlockheads.js:7: Loaded Java class 'net.blay09.mods.farmingforblockheads.api.FarmingForBlockheadsAPI'
[15:47:36] [INFO] Loaded script startup_scripts:farmingForBlockheads.js in 0.038 s
[15:47:36] [INFO] startup_scripts:mekanismStartup.js:16: Loaded Java class 'mekanism.api.chemical.slurry.Slurry'
[15:47:36] [INFO] startup_scripts:mekanismStartup.js:17: Loaded Java class 'mekanism.api.chemical.slurry.SlurryBuilder'
[15:47:36] [INFO] Loaded script startup_scripts:mekanismStartup.js in 0.016 s
[15:47:36] [INFO] startup_scripts:mysticalagriculture.js:1: Loaded Java class 'com.blakebr0.mysticalagriculture.api.MysticalAgricultureAPI'
[15:47:36] [INFO] Loaded script startup_scripts:mysticalagriculture.js in 0.006 s
[15:47:36] [INFO] Loaded script startup_scripts:observeMekanism.js in 0.0 s
[15:47:36] [INFO] Loaded script startup_scripts:settings.js in 0.014 s
[15:47:36] [INFO] startup_scripts:tool_tiers.js:1: Loaded Java class 'net.minecraftforge.common.TierSortingRegistry'
[15:47:36] [INFO] startup_scripts:tool_tiers.js:2: Loaded Java class 'net.minecraft.world.item.Tiers'
[15:47:36] [INFO] startup_scripts:tool_tiers.js:5: Loaded Java class 'vazkii.botania.api.BotaniaAPI'
[15:47:36] [INFO] startup_scripts:tool_tiers.js:6: Loaded Java class 'de.melanx.aiotbotania.items.ItemTiers'
[15:47:36] [INFO] startup_scripts:tool_tiers.js:8: Loaded Java class 'appeng.items.tools.fluix.FluixToolType'
[15:47:36] [INFO] startup_scripts:tool_tiers.js:9: Loaded Java class 'appeng.items.tools.quartz.QuartzToolType'
[15:47:36] [INFO] startup_scripts:tool_tiers.js:11: Loaded Java class 'com.legacy.blue_skies.items.util.SkiesItemTier'
[15:47:36] [INFO] startup_scripts:tool_tiers.js:13: Loaded Java class 'com.blakebr0.mysticalagriculture.lib.ModItemTier'
[15:47:36] [INFO] startup_scripts:tool_tiers.js:15: Loaded Java class 'de.ellpeck.naturesaura.reg.ModItemTier'
[15:47:36] [INFO] startup_scripts:tool_tiers.js:17: Loaded Java class 'com.klikli_dev.occultism.api.common.misc.OccultismItemTier'
[15:47:36] [INFO] startup_scripts:tool_tiers.js:19: Loaded Java class 'me.codexadrian.spirit.items.SoulMetalMaterial'
[15:47:36] [INFO] startup_scripts:tool_tiers.js:21: Loaded Java class 'blusunrize.immersiveengineering.api.Lib'
[15:47:36] [INFO] startup_scripts:tool_tiers.js:23: Loaded Java class 'com.teammetallurgy.aquaculture.api.AquacultureAPI'
[15:47:36] [INFO] startup_scripts:tool_tiers.js:25: Loaded Java class 'com.kyanite.deeperdarker.miscellaneous.DDTiers'
[15:47:36] [INFO] startup_scripts:tool_tiers.js:27: Loaded Java class 'potionstudios.byg.common.item.BYGTier'
[15:47:36] [INFO] startup_scripts:tool_tiers.js:29: Loaded Java class 'cofh.redstonearsenal.init.RSAItems'
[15:47:36] [INFO] Loaded script startup_scripts:tool_tiers.js in 0.101 s
[15:47:36] [INFO] Loaded script startup_scripts:worldgen.js in 0.005 s
[15:47:36] [INFO] Loaded 9/9 KubeJS startup scripts in 1.498 s
